"a","Outside edit","","","1654739879842","Shape.kt","1.1.3 for 2021-2022 @t1",
"a","Outside edit","","","1654739879845","Point.kt","1.1.3 for 2021-2022 @t1",
"a","Outside edit","","","1654739879847","Line.kt","1.1.3 for 2021-2022 @t1",
"a","Outside edit","","","1654739879850","ShapeTest.java","1.1.3 for 2021-2022 @t1",
"a","Outside edit","","","1654739879853","ShapeTest.kt","1.1.3 for 2021-2022 @t1",
"a","Outside edit","","","1654739879855","Circle.kt","1.1.3 for 2021-2022 @t1",
"a","Outside edit","","","1654739879857","Rectangle.kt","1.1.3 for 2021-2022 @t1",
"a","Outside edit","","","1654739879859","PointTest.java","1.1.3 for 2021-2022 @t1",
"a","Outside edit","","","1654739879862","PointTest.kt","1.1.3 for 2021-2022 @t1",
"a","Outside edit","","","1654739879865","LineTest.java","1.1.3 for 2021-2022 @t1",
"a","Outside edit","","","1654739879867","LineTest.kt","1.1.3 for 2021-2022 @t1",
"a","Outside edit","","","1654739879870","MyPointTest.kt","1.1.3 for 2021-2022 @t1",
"a","Outside edit","","","1654739879872","Ellipse.kt","1.1.3 for 2021-2022 @t1",
"a","Outside edit","","","1654739879874","Triangle.kt","1.1.3 for 2021-2022 @t1",
"a","Outside edit","","","1654739879875","Square.kt","1.1.3 for 2021-2022 @t1",
"a","Outside edit","","","1654739879876","MyPoint.kt","1.1.3 for 2021-2022 @t1",
"a","Outside edit","","","1654739879883","ReflectionUtils.class","1.1.3 for 2021-2022 @t1",
"a","Outside edit","","","1654739879886","RectangleTest.java","1.1.3 for 2021-2022 @t1",
"a","Outside edit","","","1654739879888","RectangleTest.kt","1.1.3 for 2021-2022 @t1",
"a","Outside edit","","","1654739879890","MyTriangle.kt","1.1.3 for 2021-2022 @t1",
"a","Outside edit","","","1654739879892","TriangleTest.java","1.1.3 for 2021-2022 @t1",
"a","Outside edit","","","1654739879894","TriangleTest0.java","1.1.3 for 2021-2022 @t1",
"a","Outside edit","","","1654739879896","TriangleTest.kt","1.1.3 for 2021-2022 @t1",
"a","Outside edit","","","1654739879899","SquareTest.java","1.1.3 for 2021-2022 @t1",
"a","Outside edit","","","1654739879901","SquareTest.kt","1.1.3 for 2021-2022 @t1",
"a","Outside edit","","","1654739879903","EllipseTest.java","1.1.3 for 2021-2022 @t1",
"a","Outside edit","","","1654739879905","EllipseTest.kt","1.1.3 for 2021-2022 @t1",
"a","Outside edit","","","1654739879906","CircleTest.java","1.1.3 for 2021-2022 @t1",
"a","Outside edit","","","1654739879907","CircleTest.kt","1.1.3 for 2021-2022 @t1",
"a","Outside edit","","","1654739879909",".gitignore","1.1.3 for 2021-2022 @t1",
"a","Outside edit","","","1654739879910","workspace.xml","1.1.3 for 2021-2022 @t1",
"a","Outside edit","","","1654739879913","gradle.properties","1.1.3 for 2021-2022 @t1",
"a","Outside edit","","","1654739879915",".gitignore","1.1.3 for 2021-2022 @t1",
"a","Outside edit","","","1654739879916","build.gradle.kts","1.1.3 for 2021-2022 @t1",
"e","","No Phanon history found: /Users/beccazitting/USU/SENIOR/1 - SUMMER/5700/Assn4/showyourwork/showyourwork.log Player unable to render
","0","1654739879916","build.gradle.kts","1.1.3 for 2021-2022 @t1",
"e","","","0","1654739879916","build.gradle.kts","1.1.3 for 2021-2022 @t1",
"a","Outside edit","","","1654739879918","gradle.properties","1.1.3 for 2021-2022 @t1",
"e","","No Phanon history found: /Users/beccazitting/USU/SENIOR/1 - SUMMER/5700/Assn4/showyourwork/showyourwork.log Player unable to render
","0","1654739879918","gradle.properties","1.1.3 for 2021-2022 @t1",
"e","","","0","1654739879918","gradle.properties","1.1.3 for 2021-2022 @t1",
"a","Outside edit","","","1654739879920","CircleTest.java","1.1.3 for 2021-2022 @t1",
"a","Outside edit","","","1654739879922","CircleTest.kt","1.1.3 for 2021-2022 @t1",
"a","Outside edit","","","1654739879923","Shape.kt","1.1.3 for 2021-2022 @t1",
"a","Outside edit","","","1654739879925","Point.kt","1.1.3 for 2021-2022 @t1",
"a","Outside edit","","","1654739879927","Line.kt","1.1.3 for 2021-2022 @t1",
"a","Outside edit","","","1654739879930","MyPoint.kt","1.1.3 for 2021-2022 @t1",
"a","Outside edit","","","1654739879933","Rectangle.kt","1.1.3 for 2021-2022 @t1",
"a","Outside edit","","","1654739879935","Triangle.kt","1.1.3 for 2021-2022 @t1",
"a","Outside edit","","","1654739879937","Ellipse.kt","1.1.3 for 2021-2022 @t1",
"a","Outside edit","","","1654739879940","Square.kt","1.1.3 for 2021-2022 @t1",
"a","Outside edit","","","1654739879942","SquareTest.java","1.1.3 for 2021-2022 @t1",
"a","Outside edit","","","1654739879945","SquareTest.kt","1.1.3 for 2021-2022 @t1",
"a","Outside edit","","","1654739879948","Circle.kt","1.1.3 for 2021-2022 @t1",
"a","Outside edit","","","1654739879952","RectangleTest.java","1.1.3 for 2021-2022 @t1",
"a","Outside edit","","","1654739879954","RectangleTest.kt","1.1.3 for 2021-2022 @t1",
"a","Outside edit","","","1654739879956","Rectangle.kt","1.1.3 for 2021-2022 @t1",
"a","Outside edit","","","1654739879958","EllipseTest.kt","1.1.3 for 2021-2022 @t1",
"a","Outside edit","","","1654739879961","LineTest.kt","1.1.3 for 2021-2022 @t1",
"a","Outside edit","","","1654739879964","MyPointTest.kt","1.1.3 for 2021-2022 @t1",
"a","Outside edit","","","1654739879967","TriangleTest.kt","1.1.3 for 2021-2022 @t1",
"a","Outside edit","","","1654739879969","Pentagon.kt","1.1.3 for 2021-2022 @t1",
"a","Outside edit","","","1654739879971","PentagonTest.java","1.1.3 for 2021-2022 @t1",
"a","Outside edit","","","1654739879974","PentagonTest.kt","1.1.3 for 2021-2022 @t1",
"a","Outside edit","","","1654739879976","Pentagon.kt","1.1.3 for 2021-2022 @t1",
"a","Outside edit","","","1654739879979","CompositeShape.kt","1.1.3 for 2021-2022 @t1",
"a","Outside edit","","","1654739879981","NPointStar.kt","1.1.3 for 2021-2022 @t1",
"a","Outside edit","","","1654739879983","NPointStarTest.java","1.1.3 for 2021-2022 @t1",
"a","Outside edit","","","1654739879984","NPointStarTest.kt","1.1.3 for 2021-2022 @t1",
"a","Outside edit","","","1654739879986","CompositeShapeTest.java","1.1.3 for 2021-2022 @t1",
"a","Outside edit","","","1654739879989","CompositeShapeTest.kt","1.1.3 for 2021-2022 @t1",
"a","Outside edit","","","1654739879992","ShapeFactory.kt","1.1.3 for 2021-2022 @t1",
"a","Outside edit","","","1654739879992","ShapeStrategy.kt","1.1.3 for 2021-2022 @t1",
"a","Outside edit","","","1654739879992","ShapeStategy.kt","1.1.3 for 2021-2022 @t1",
"a","Outside edit","","","1654739879993","Main.kt","1.1.3 for 2021-2022 @t1",
"a","Outside edit","","","1654739879993","Question.java","1.1.3 for 2021-2022 @t1",
"a","Outside edit","","","1654739879993","Question.kt","1.1.3 for 2021-2022 @t1",
"a","Outside edit","","","1654739879994","TrackingSimulator.kt","1.1.3 for 2021-2022 @t1",
"a","Outside edit","","","1654739879994","MakeRectangle.kt","1.1.3 for 2021-2022 @t1",
"a","Outside edit","","","1654739879994","ShapeStrategy.kt","1.1.3 for 2021-2022 @t1",
"a","Outside edit","","","1654739879995","MakeSquare.kt","1.1.3 for 2021-2022 @t1",
"a","Outside edit","","","1654739879995","MakeEllipse.kt","1.1.3 for 2021-2022 @t1",
"a","Outside edit","","","1654739879995","MakeCircle.kt","1.1.3 for 2021-2022 @t1",
"a","Outside edit","","","1654739879995","MakeTriangle.kt","1.1.3 for 2021-2022 @t1",
"a","Outside edit","","","1654739879996","MakePent.kt","1.1.3 for 2021-2022 @t1",
"a","Outside edit","","","1654739879996","MakeStar.kt","1.1.3 for 2021-2022 @t1",
"a","Outside edit","","","1654739879996","MakeComp.kt","1.1.3 for 2021-2022 @t1",
"a","Outside edit","","","1654739879996","MakeCompShape.kt","1.1.3 for 2021-2022 @t1",
"a","Outside edit","","","1654739879996","MakeSquare.kt","1.1.3 for 2021-2022 @t1",
"a","Outside edit","","","1654739879997","MakeEllipse.kt","1.1.3 for 2021-2022 @t1",
"a","Outside edit","","","1654739879997","MakeCircle.kt","1.1.3 for 2021-2022 @t1",
"a","Outside edit","","","1654739879997","MakePent.kt","1.1.3 for 2021-2022 @t1",
"a","Outside edit","","","1654739879999","MakeStar.kt","1.1.3 for 2021-2022 @t1",
"a","Outside edit","","","1654739880000","MakeTriangle.kt","1.1.3 for 2021-2022 @t1",
"a","Outside edit","","","1654739880000","Question.kt","1.1.3 for 2021-2022 @t1",
"a","Outside edit","","","1654739880000","MakeCompShape.kt","1.1.3 for 2021-2022 @t1",
"a","Outside edit","","","1654739880001","MakeRectangle.kt","1.1.3 for 2021-2022 @t1",
"a","Outside edit","","","1654739880001","TestViewHelper.kt","1.1.3 for 2021-2022 @t1",
"a","Outside edit","","","1654739880002",".gitignore","1.1.3 for 2021-2022 @t1",
"e","","No Phanon history found: /Users/beccazitting/USU/SENIOR/1 - SUMMER/5700/Assn4/showyourwork/showyourwork.log Player unable to render
","0","1654739880002",".gitignore","1.1.3 for 2021-2022 @t1",
"e","","","0","1654739880002",".gitignore","1.1.3 for 2021-2022 @t1",
"a","ShowYourWork Init","","","000","ShowYourWork Init","1.1.3 for 2021-2022 @t1",
"a","ShowYourWork Init","","","000","ShowYourWork Init","1.1.3 for 2021-2022 @t1",
"a","Outside edit","","","1654916638307","Main.kt","1.1.3 for 2021-2022 @t1",
"a","Outside edit","","","1654916638389","CellSolutionStrategy.kt","1.1.3 for 2021-2022 @t1",
"a","Outside edit","","","1654916638470","Puzzle.kt","1.1.3 for 2021-2022 @t1",
"a","Outside edit","","","1654916638556","OnlyOnePossibility.kt","1.1.3 for 2021-2022 @t1",
"a","ShowYourWork Init","","","000","ShowYourWork Init","1.1.3 for 2021-2022 @t1",
"a","ShowYourWork Init","","","000","ShowYourWork Init","1.1.3 for 2021-2022 @t1",
